[2021-03-27 17:21:38,059] multiqc                                            [DEBUG  ]  No MultiQC config found: /home/ubucho/miniconda3/lib/python3.8/site-packages/multiqc_config.yaml
[2021-03-27 17:21:38,059] multiqc                                            [DEBUG  ]  No MultiQC config found: /home/ubucho/.multiqc_config.yaml
[2021-03-27 17:21:38,059] multiqc                                            [DEBUG  ]  No MultiQC config found: multiqc_config.yaml
[2021-03-27 17:21:38,059] multiqc                                            [DEBUG  ]  Command used: /home/ubucho/miniconda3/bin/multiqc .
[2021-03-27 17:21:41,481] multiqc                                            [DEBUG  ]  Latest MultiQC version is v1.10
[2021-03-27 17:21:41,482] multiqc                                            [INFO   ]  This is MultiQC v1.10
[2021-03-27 17:21:41,483] multiqc                                            [DEBUG  ]  Command     : /home/ubucho/miniconda3/bin/multiqc .
[2021-03-27 17:21:41,483] multiqc                                            [DEBUG  ]  Working dir : /mnt/c/Users/thata/Documents/Desafio/desafio_4/resultados
[2021-03-27 17:21:41,484] multiqc                                            [INFO   ]  Template    : default
[2021-03-27 17:21:41,484] multiqc                                            [DEBUG  ]  Running Python 3.8.5 (default, Sep  4 2020, 07:30:14)  [GCC 7.3.0]
[2021-03-27 17:21:41,485] multiqc                                            [INFO   ]  Searching   : /mnt/c/Users/thata/Documents/Desafio/desafio_4/resultados
[2021-03-27 17:21:41,487] multiqc                                            [DEBUG  ]  Analysing modules: custom_content, ngsderive, purple, conpair, peddy, somalier, methylQA, mosdepth, phantompeakqualtools, qualimap, preseq, quast, qorts, rna_seqc, rockhopper, rsem, rseqc, busco, goleft_indexcov, disambiguate, supernova, deeptools, sargasso, verifybamid, mirtrace, happy, mirtop, homer, hops, macs2, theta2, snpeff, gatk, htseq, bcftools, featureCounts, fgbio, dragen, dedup, damageprofiler, biobambam2, jcvi, mtnucratio, picard, sentieon, prokka, qc3C, samblaster, samtools, sexdeterrmine, eigenstratdatabasetools, bamtools, jellyfish, vcftools, longranger, stacks, varscan2, bbmap, bismark, biscuit, hicexplorer, hicup, hicpro, salmon, kallisto, slamdunk, star, hisat2, tophat, bowtie2, bowtie1, snpsplit, kat, leehom, adapterRemoval, clipandmerge, cutadapt, flexbar, kaiju, kraken, malt, trimmomatic, sickle, skewer, sortmerna, biobloomtools, fastq_screen, afterqc, fastp, fastqc, pychopper, pycoqc, minionqc, multivcfanalyzer, clusterflow, bcl2fastq, interop, ivar, flash, seqyclean, optitype
[2021-03-27 17:21:41,489] multiqc                                            [DEBUG  ]  Using temporary directory for creating report: /tmp/tmpcftxm59z
[2021-03-27 17:21:41,597] multiqc                                            [DEBUG  ]  File ignored by hicexplorer because it exceeded search pattern filesize limit: F3D0_S188_L001_R1_001_fastqc.html
[2021-03-27 17:21:41,602] multiqc                                            [DEBUG  ]  File ignored by longranger/invocation because it exceeded search pattern filesize limit: F3D0_S188_L001_R1_001_fastqc.html
[2021-03-27 17:21:41,663] multiqc                                            [DEBUG  ]  File ignored by hicexplorer because it exceeded search pattern filesize limit: F3D141_S207_L001_R1_001_fastqc.html
[2021-03-27 17:21:41,667] multiqc                                            [DEBUG  ]  File ignored by longranger/invocation because it exceeded search pattern filesize limit: F3D141_S207_L001_R1_001_fastqc.html
[2021-03-27 17:21:41,728] multiqc                                            [DEBUG  ]  File ignored by hicexplorer because it exceeded search pattern filesize limit: F3D142_S208_L001_R1_001_fastqc.html
[2021-03-27 17:21:41,733] multiqc                                            [DEBUG  ]  File ignored by longranger/invocation because it exceeded search pattern filesize limit: F3D142_S208_L001_R1_001_fastqc.html
[2021-03-27 17:21:41,791] multiqc                                            [DEBUG  ]  File ignored by hicexplorer because it exceeded search pattern filesize limit: F3D143_S209_L001_R1_001_fastqc.html
[2021-03-27 17:21:41,795] multiqc                                            [DEBUG  ]  File ignored by longranger/invocation because it exceeded search pattern filesize limit: F3D143_S209_L001_R1_001_fastqc.html
[2021-03-27 17:21:41,856] multiqc                                            [DEBUG  ]  File ignored by hicexplorer because it exceeded search pattern filesize limit: F3D144_S210_L001_R1_001_fastqc.html
[2021-03-27 17:21:41,860] multiqc                                            [DEBUG  ]  File ignored by longranger/invocation because it exceeded search pattern filesize limit: F3D144_S210_L001_R1_001_fastqc.html
[2021-03-27 17:21:41,920] multiqc                                            [DEBUG  ]  File ignored by hicexplorer because it exceeded search pattern filesize limit: F3D145_S211_L001_R1_001_fastqc.html
[2021-03-27 17:21:41,925] multiqc                                            [DEBUG  ]  File ignored by longranger/invocation because it exceeded search pattern filesize limit: F3D145_S211_L001_R1_001_fastqc.html
[2021-03-27 17:21:41,987] multiqc                                            [DEBUG  ]  File ignored by hicexplorer because it exceeded search pattern filesize limit: F3D146_S212_L001_R1_001_fastqc.html
[2021-03-27 17:21:41,991] multiqc                                            [DEBUG  ]  File ignored by longranger/invocation because it exceeded search pattern filesize limit: F3D146_S212_L001_R1_001_fastqc.html
[2021-03-27 17:21:42,051] multiqc                                            [DEBUG  ]  File ignored by hicexplorer because it exceeded search pattern filesize limit: F3D147_S213_L001_R1_001_fastqc.html
[2021-03-27 17:21:42,055] multiqc                                            [DEBUG  ]  File ignored by longranger/invocation because it exceeded search pattern filesize limit: F3D147_S213_L001_R1_001_fastqc.html
[2021-03-27 17:21:42,115] multiqc                                            [DEBUG  ]  File ignored by hicexplorer because it exceeded search pattern filesize limit: F3D148_S214_L001_R1_001_fastqc.html
[2021-03-27 17:21:42,119] multiqc                                            [DEBUG  ]  File ignored by longranger/invocation because it exceeded search pattern filesize limit: F3D148_S214_L001_R1_001_fastqc.html
[2021-03-27 17:21:42,183] multiqc                                            [DEBUG  ]  File ignored by hicexplorer because it exceeded search pattern filesize limit: F3D149_S215_L001_R1_001_fastqc.html
[2021-03-27 17:21:42,187] multiqc                                            [DEBUG  ]  File ignored by longranger/invocation because it exceeded search pattern filesize limit: F3D149_S215_L001_R1_001_fastqc.html
[2021-03-27 17:21:42,248] multiqc                                            [DEBUG  ]  File ignored by hicexplorer because it exceeded search pattern filesize limit: F3D150_S216_L001_R1_001_fastqc.html
[2021-03-27 17:21:42,252] multiqc                                            [DEBUG  ]  File ignored by longranger/invocation because it exceeded search pattern filesize limit: F3D150_S216_L001_R1_001_fastqc.html
[2021-03-27 17:21:42,318] multiqc                                            [DEBUG  ]  File ignored by hicexplorer because it exceeded search pattern filesize limit: F3D1_S189_L001_R1_001_fastqc.html
[2021-03-27 17:21:42,323] multiqc                                            [DEBUG  ]  File ignored by longranger/invocation because it exceeded search pattern filesize limit: F3D1_S189_L001_R1_001_fastqc.html
[2021-03-27 17:21:42,403] multiqc                                            [DEBUG  ]  File ignored by hicexplorer because it exceeded search pattern filesize limit: F3D2_S190_L001_R1_001_fastqc.html
[2021-03-27 17:21:42,409] multiqc                                            [DEBUG  ]  File ignored by longranger/invocation because it exceeded search pattern filesize limit: F3D2_S190_L001_R1_001_fastqc.html
[2021-03-27 17:21:42,487] multiqc                                            [DEBUG  ]  File ignored by hicexplorer because it exceeded search pattern filesize limit: F3D3_S191_L001_R1_001_fastqc.html
[2021-03-27 17:21:42,491] multiqc                                            [DEBUG  ]  File ignored by longranger/invocation because it exceeded search pattern filesize limit: F3D3_S191_L001_R1_001_fastqc.html
[2021-03-27 17:21:42,563] multiqc                                            [DEBUG  ]  File ignored by hicexplorer because it exceeded search pattern filesize limit: F3D5_S193_L001_R1_001_fastqc.html
[2021-03-27 17:21:42,568] multiqc                                            [DEBUG  ]  File ignored by longranger/invocation because it exceeded search pattern filesize limit: F3D5_S193_L001_R1_001_fastqc.html
[2021-03-27 17:21:42,641] multiqc                                            [DEBUG  ]  File ignored by hicexplorer because it exceeded search pattern filesize limit: F3D6_S194_L001_R1_001_fastqc.html
[2021-03-27 17:21:42,646] multiqc                                            [DEBUG  ]  File ignored by longranger/invocation because it exceeded search pattern filesize limit: F3D6_S194_L001_R1_001_fastqc.html
[2021-03-27 17:21:42,722] multiqc                                            [DEBUG  ]  File ignored by hicexplorer because it exceeded search pattern filesize limit: F3D7_S195_L001_R1_001_fastqc.html
[2021-03-27 17:21:42,727] multiqc                                            [DEBUG  ]  File ignored by longranger/invocation because it exceeded search pattern filesize limit: F3D7_S195_L001_R1_001_fastqc.html
[2021-03-27 17:21:42,804] multiqc                                            [DEBUG  ]  File ignored by hicexplorer because it exceeded search pattern filesize limit: F3D8_S196_L001_R1_001_fastqc.html
[2021-03-27 17:21:42,808] multiqc                                            [DEBUG  ]  File ignored by longranger/invocation because it exceeded search pattern filesize limit: F3D8_S196_L001_R1_001_fastqc.html
[2021-03-27 17:21:42,882] multiqc                                            [DEBUG  ]  File ignored by hicexplorer because it exceeded search pattern filesize limit: F3D9_S197_L001_R1_001_fastqc.html
[2021-03-27 17:21:42,887] multiqc                                            [DEBUG  ]  File ignored by longranger/invocation because it exceeded search pattern filesize limit: F3D9_S197_L001_R1_001_fastqc.html
[2021-03-27 17:21:42,960] multiqc                                            [DEBUG  ]  File ignored by hicexplorer because it exceeded search pattern filesize limit: resultado1_fastqc.html
[2021-03-27 17:21:42,966] multiqc                                            [DEBUG  ]  File ignored by longranger/invocation because it exceeded search pattern filesize limit: resultado1_fastqc.html
[2021-03-27 17:21:43,265] multiqc.plots.bargraph                             [DEBUG  ]  Using matplotlib version 3.3.4
[2021-03-27 17:21:43,265] multiqc.plots.linegraph                            [DEBUG  ]  Using matplotlib version 3.3.4
[2021-03-27 17:21:43,266] multiqc                                            [DEBUG  ]  No samples found: custom_content
[2021-03-27 17:21:43,269] multiqc                                            [DEBUG  ]  No samples found: ngsderive
[2021-03-27 17:21:43,272] multiqc                                            [DEBUG  ]  No samples found: purple
[2021-03-27 17:21:43,275] multiqc                                            [DEBUG  ]  No samples found: conpair
[2021-03-27 17:21:43,279] multiqc                                            [DEBUG  ]  No samples found: peddy
[2021-03-27 17:21:43,284] multiqc                                            [DEBUG  ]  No samples found: somalier
[2021-03-27 17:21:43,287] multiqc                                            [DEBUG  ]  No samples found: methylQA
[2021-03-27 17:21:43,292] multiqc                                            [DEBUG  ]  No samples found: mosdepth
[2021-03-27 17:21:43,295] multiqc                                            [DEBUG  ]  No samples found: phantompeakqualtools
[2021-03-27 17:21:43,300] multiqc                                            [DEBUG  ]  No samples found: qualimap
[2021-03-27 17:21:43,303] multiqc                                            [DEBUG  ]  No samples found: preseq
[2021-03-27 17:21:43,306] multiqc                                            [DEBUG  ]  No samples found: quast
[2021-03-27 17:21:43,311] multiqc                                            [DEBUG  ]  No samples found: qorts
[2021-03-27 17:21:43,315] multiqc                                            [DEBUG  ]  No samples found: rna_seqc
[2021-03-27 17:21:43,318] multiqc                                            [DEBUG  ]  No samples found: rockhopper
[2021-03-27 17:21:43,321] multiqc                                            [DEBUG  ]  No samples found: rsem
[2021-03-27 17:21:43,327] multiqc                                            [DEBUG  ]  No samples found: rseqc
[2021-03-27 17:21:43,331] multiqc                                            [DEBUG  ]  No samples found: busco
[2021-03-27 17:21:43,335] multiqc                                            [DEBUG  ]  No samples found: goleft_indexcov
[2021-03-27 17:21:43,338] multiqc                                            [DEBUG  ]  No samples found: disambiguate
[2021-03-27 17:21:43,341] multiqc                                            [DEBUG  ]  No samples found: supernova
[2021-03-27 17:21:43,347] multiqc                                            [DEBUG  ]  No samples found: deeptools
[2021-03-27 17:21:43,351] multiqc                                            [DEBUG  ]  No samples found: sargasso
[2021-03-27 17:21:43,354] multiqc                                            [DEBUG  ]  No samples found: verifybamid
[2021-03-27 17:21:43,357] multiqc                                            [DEBUG  ]  No samples found: mirtrace
[2021-03-27 17:21:43,360] multiqc                                            [DEBUG  ]  No samples found: happy
[2021-03-27 17:21:43,364] multiqc                                            [DEBUG  ]  No samples found: mirtop
[2021-03-27 17:21:43,371] multiqc                                            [DEBUG  ]  No samples found: homer
[2021-03-27 17:21:43,375] multiqc                                            [DEBUG  ]  No samples found: hops
[2021-03-27 17:21:43,378] multiqc                                            [DEBUG  ]  No samples found: macs2
[2021-03-27 17:21:43,383] multiqc                                            [DEBUG  ]  No samples found: theta2
[2021-03-27 17:21:43,386] multiqc                                            [DEBUG  ]  No samples found: snpeff
[2021-03-27 17:21:43,390] multiqc                                            [DEBUG  ]  No samples found: gatk
[2021-03-27 17:21:43,393] multiqc                                            [DEBUG  ]  No samples found: htseq
[2021-03-27 17:21:43,396] multiqc                                            [DEBUG  ]  No samples found: bcftools
[2021-03-27 17:21:43,401] multiqc                                            [DEBUG  ]  No samples found: featureCounts
[2021-03-27 17:21:43,405] multiqc                                            [DEBUG  ]  No samples found: fgbio
[2021-03-27 17:21:43,411] multiqc                                            [DEBUG  ]  No samples found: dragen
[2021-03-27 17:21:43,415] multiqc                                            [DEBUG  ]  No samples found: dedup
[2021-03-27 17:21:43,419] multiqc                                            [DEBUG  ]  No samples found: damageprofiler
[2021-03-27 17:21:43,428] multiqc                                            [DEBUG  ]  No samples found: biobambam2
[2021-03-27 17:21:43,433] multiqc                                            [DEBUG  ]  No samples found: jcvi
[2021-03-27 17:21:43,436] multiqc                                            [DEBUG  ]  No samples found: mtnucratio
[2021-03-27 17:21:43,438] multiqc                                            [DEBUG  ]  No samples found: picard
[2021-03-27 17:21:43,442] multiqc                                            [DEBUG  ]  No samples found: sentieon
[2021-03-27 17:21:43,446] multiqc                                            [DEBUG  ]  No samples found: prokka
[2021-03-27 17:21:43,450] multiqc                                            [DEBUG  ]  No samples found: qc3C
[2021-03-27 17:21:43,453] multiqc                                            [DEBUG  ]  No samples found: samblaster
[2021-03-27 17:21:43,457] multiqc                                            [DEBUG  ]  No samples found: samtools
[2021-03-27 17:21:43,460] multiqc                                            [DEBUG  ]  No samples found: sexdeterrmine
[2021-03-27 17:21:43,464] multiqc                                            [DEBUG  ]  No samples found: eigenstratdatabasetools
[2021-03-27 17:21:43,469] multiqc                                            [DEBUG  ]  No samples found: bamtools
[2021-03-27 17:21:43,471] multiqc                                            [DEBUG  ]  No samples found: jellyfish
[2021-03-27 17:21:43,475] multiqc                                            [DEBUG  ]  No samples found: vcftools
[2021-03-27 17:21:43,479] multiqc                                            [DEBUG  ]  No samples found: longranger
[2021-03-27 17:21:43,484] multiqc                                            [DEBUG  ]  No samples found: stacks
[2021-03-27 17:21:43,487] multiqc                                            [DEBUG  ]  No samples found: varscan2
[2021-03-27 17:21:43,493] multiqc                                            [DEBUG  ]  No samples found: bbmap
[2021-03-27 17:21:43,497] multiqc                                            [DEBUG  ]  No samples found: bismark
[2021-03-27 17:21:43,502] multiqc                                            [DEBUG  ]  No samples found: biscuit
[2021-03-27 17:21:43,505] multiqc                                            [DEBUG  ]  No samples found: hicexplorer
[2021-03-27 17:21:43,507] multiqc                                            [DEBUG  ]  No samples found: hicup
[2021-03-27 17:21:43,510] multiqc                                            [DEBUG  ]  No samples found: hicpro
[2021-03-27 17:21:43,515] multiqc                                            [DEBUG  ]  No samples found: salmon
[2021-03-27 17:21:43,519] multiqc                                            [DEBUG  ]  No samples found: kallisto
[2021-03-27 17:21:43,521] multiqc                                            [DEBUG  ]  No samples found: slamdunk
[2021-03-27 17:21:43,524] multiqc                                            [DEBUG  ]  No samples found: star
[2021-03-27 17:21:43,527] multiqc                                            [DEBUG  ]  No samples found: hisat2
[2021-03-27 17:21:43,531] multiqc                                            [DEBUG  ]  No samples found: tophat
[2021-03-27 17:21:43,534] multiqc                                            [DEBUG  ]  No samples found: bowtie2
[2021-03-27 17:21:43,539] multiqc                                            [DEBUG  ]  No samples found: bowtie1
[2021-03-27 17:21:43,542] multiqc                                            [DEBUG  ]  No samples found: snpsplit
[2021-03-27 17:21:43,544] multiqc                                            [DEBUG  ]  No samples found: kat
[2021-03-27 17:21:43,549] multiqc                                            [DEBUG  ]  No samples found: leehom
[2021-03-27 17:21:43,552] multiqc                                            [DEBUG  ]  No samples found: adapterRemoval
[2021-03-27 17:21:43,555] multiqc                                            [DEBUG  ]  No samples found: clipandmerge
[2021-03-27 17:21:43,558] multiqc                                            [DEBUG  ]  No samples found: cutadapt
[2021-03-27 17:21:43,561] multiqc                                            [DEBUG  ]  No samples found: flexbar
[2021-03-27 17:21:43,565] multiqc                                            [DEBUG  ]  No samples found: kaiju
[2021-03-27 17:21:43,568] multiqc                                            [DEBUG  ]  No samples found: kraken
[2021-03-27 17:21:43,571] multiqc                                            [DEBUG  ]  No samples found: malt
[2021-03-27 17:21:43,574] multiqc                                            [DEBUG  ]  No samples found: trimmomatic
[2021-03-27 17:21:43,576] multiqc                                            [DEBUG  ]  No samples found: sickle
[2021-03-27 17:21:43,581] multiqc                                            [DEBUG  ]  No samples found: skewer
[2021-03-27 17:21:43,585] multiqc                                            [DEBUG  ]  No samples found: sortmerna
[2021-03-27 17:21:43,588] multiqc                                            [DEBUG  ]  No samples found: biobloomtools
[2021-03-27 17:21:43,591] multiqc                                            [DEBUG  ]  No samples found: fastq_screen
[2021-03-27 17:21:43,593] multiqc                                            [DEBUG  ]  No samples found: afterqc
[2021-03-27 17:21:43,599] multiqc                                            [DEBUG  ]  No samples found: fastp
[2021-03-27 17:21:43,717] multiqc.modules.fastqc.fastqc                      [INFO   ]  Found 20 reports
[2021-03-27 17:21:43,947] multiqc                                            [DEBUG  ]  No samples found: pychopper
[2021-03-27 17:21:43,952] multiqc                                            [DEBUG  ]  No samples found: pycoqc
[2021-03-27 17:21:43,954] multiqc                                            [DEBUG  ]  No samples found: minionqc
[2021-03-27 17:21:43,957] multiqc                                            [DEBUG  ]  No samples found: multivcfanalyzer
[2021-03-27 17:21:43,960] multiqc                                            [DEBUG  ]  No samples found: clusterflow
[2021-03-27 17:21:43,965] multiqc                                            [DEBUG  ]  No samples found: bcl2fastq
[2021-03-27 17:21:43,971] multiqc                                            [DEBUG  ]  No samples found: interop
[2021-03-27 17:21:43,975] multiqc                                            [DEBUG  ]  No samples found: ivar
[2021-03-27 17:21:43,978] multiqc                                            [DEBUG  ]  No samples found: flash
[2021-03-27 17:21:43,983] multiqc                                            [DEBUG  ]  No samples found: seqyclean
[2021-03-27 17:21:43,986] multiqc                                            [DEBUG  ]  No samples found: optitype
[2021-03-27 17:21:44,006] multiqc                                            [INFO   ]  Compressing plot data
[2021-03-27 17:21:44,168] multiqc                                            [INFO   ]  Report      : multiqc_report.html
[2021-03-27 17:21:44,168] multiqc                                            [INFO   ]  Data        : multiqc_data
[2021-03-27 17:21:44,169] multiqc                                            [DEBUG  ]  Moving data file from '/tmp/tmpcftxm59z/multiqc_data' to '/mnt/c/Users/thata/Documents/Desafio/desafio_4/resultados/multiqc_data'
[2021-03-27 17:21:44,302] multiqc                                            [INFO   ]  MultiQC complete
